[debug] [2021-07-07T17:09:11.686Z] ----------------------------------------------------------------------
[debug] [2021-07-07T17:09:11.688Z] Command:       /usr/local/bin/node /usr/local/bin/firebase init hosting
[debug] [2021-07-07T17:09:11.688Z] CLI Version:   9.14.0
[debug] [2021-07-07T17:09:11.688Z] Platform:      darwin
[debug] [2021-07-07T17:09:11.688Z] Node Version:  v14.17.3
[debug] [2021-07-07T17:09:11.689Z] Time:          Wed Jul 07 2021 18:09:11 GMT+0100 (British Summer Time)
[debug] [2021-07-07T17:09:11.689Z] ----------------------------------------------------------------------
[debug] 
[debug] [2021-07-07T17:09:11.697Z] > command requires scopes: ["email","openid","https://www.googleapis.com/auth/cloudplatformprojects.readonly","https://www.googleapis.com/auth/firebase","https://www.googleapis.com/auth/cloud-platform"]
[debug] [2021-07-07T17:09:11.697Z] > authorizing via signed-in user (jemmaholmes16@gmail.com)
[info] 
     ######## #### ########  ######## ########     ###     ######  ########
     ##        ##  ##     ## ##       ##     ##  ##   ##  ##       ##
     ######    ##  ########  ######   ########  #########  ######  ######
     ##        ##  ##    ##  ##       ##     ## ##     ##       ## ##
     ##       #### ##     ## ######## ########  ##     ##  ######  ########

You're about to initialize a Firebase project in this directory:

  /Users/jemmaholmes/development/jems-portfolio

Before we get started, keep in mind:

  * You are initializing within an existing Firebase project directory

[info] 
=== Project Setup
[info] 
[info] First, let's associate this project directory with a Firebase project.
[info] You can create multiple project aliases by running firebase use --add, 
[info] but for now we'll just set up a default project.
[info] 
[info] i  .firebaserc already has a default project, using jems-portfolio. 
[debug] [2021-07-07T17:09:11.702Z] > refreshing access token with scopes: []
[debug] [2021-07-07T17:09:11.702Z] >>> HTTP REQUEST POST https://www.googleapis.com/oauth2/v3/token  
 <request body omitted>
[debug] [2021-07-07T17:09:11.808Z] <<< HTTP RESPONSE 200 {"pragma":"no-cache","date":"Wed, 07 Jul 2021 17:09:11 GMT","cache-control":"no-cache, no-store, max-age=0, must-revalidate","expires":"Mon, 01 Jan 1990 00:00:00 GMT","content-type":"application/json; charset=utf-8","vary":"X-Origin, Referer, Origin,Accept-Encoding","server":"scaffolding on HTTPServer2","x-xss-protection":"0","x-frame-options":"SAMEORIGIN","x-content-type-options":"nosniff","alt-svc":"h3=\":443\"; ma=2592000,h3-29=\":443\"; ma=2592000,h3-T051=\":443\"; ma=2592000,h3-Q050=\":443\"; ma=2592000,h3-Q046=\":443\"; ma=2592000,h3-Q043=\":443\"; ma=2592000,quic=\":443\"; ma=2592000; v=\"46,43\"","accept-ranges":"none","transfer-encoding":"chunked"}
[debug] [2021-07-07T17:09:11.853Z] >>> [apiv2][query] GET https://firebase.googleapis.com/v1beta1/projects/jems-portfolio [none]
[debug] [2021-07-07T17:09:12.059Z] <<< [apiv2][status] GET https://firebase.googleapis.com/v1beta1/projects/jems-portfolio 200
[debug] [2021-07-07T17:09:12.060Z] <<< [apiv2][body] GET https://firebase.googleapis.com/v1beta1/projects/jems-portfolio {"projectId":"jems-portfolio","projectNumber":"962712440677","displayName":"Jems-Portfolio","name":"projects/jems-portfolio","resources":{"hostingSite":"jems-portfolio"},"state":"ACTIVE"}
[info] 
=== Hosting Setup
[info] 
[info] Your public directory is the folder (relative to your project directory) that
[info] will contain Hosting assets to be uploaded with firebase deploy. If you
[info] have a build process for your assets, use your build's output directory.
[info] 
